<?xml version="1.0" encoding="utf-8"?>
<TestRun id="e58eec0a-96cb-46c2-b1a1-0761be20845f" name="@localhost 2023-05-05 19:16:10" xmlns="http://microsoft.com/schemas/VisualStudio/TeamTest/2010">
  <Times creation="2023-05-05T19:16:10.4117633+08:00" queuing="2023-05-05T19:16:10.4117633+08:00" start="2023-05-05T19:16:09.9012763+08:00" finish="2023-05-05T19:16:10.4122557+08:00" />
  <TestSettings name="default" id="01261fe7-0392-4459-bb3c-f98438a3a169">
    <Deployment runDeploymentRoot="_localhost_2023-05-05_19_16_10" />
  </TestSettings>
  <TestLists>
    <TestList name="Results Not in a List" id="8c84fa94-04c1-424b-9868-57a2d4851a1d" />
    <TestList name="All Loaded Results" id="19431567-8539-422a-85d7-44ee4e166bda" />
  </TestLists>
  <ResultSummary outcome="Completed">
    <Counters total="0" executed="0" passed="0" failed="0" error="0" timeout="0" aborted="0" inconclusive="0" passedButRunAborted="0" notRunnable="0" notExecuted="0" disconnected="0" warning="0" completed="0" inProgress="0" pending="0" />
    <Output>
      <StdOut>NUnit Adapter 4.4.0.0: Test execution started
Running selected tests in /home/muqiu-han/Workspace/FsmDB/FsmDB.Tests/bin/Debug/net7.0/FsmDB.Tests.dll
   NUnit3TestExecutor discovered 0 of 0 NUnit test cases using Current Discovery mode, Explicit run
NUnit Adapter 4.4.0.0: Test execution complete
</StdOut>
    </Output>
    <RunInfos>
      <RunInfo computerName="localhost" outcome="Warning" timestamp="2023-05-05T19:16:10.3492638+08:00">
        <Text>No test matches the given testcase filter `(FullyQualifiedName=FsmDB.Tests+TestMemTable.TestMemTablePutStart)` in /home/muqiu-han/Workspace/FsmDB/FsmDB.Tests/bin/Debug/net7.0/FsmDB.Tests.dll</Text>
      </RunInfo>
    </RunInfos>
  </ResultSummary>
</TestRun>